[2023-05-14T21:08:39.155] [INFO] default - MongoDB connected successfully
[2023-05-14T21:08:39.173] [INFO] default - MongoAtlasDB Connected successfully
[2023-05-14T21:20:07.796] [INFO] default - MongoDB connected successfully
[2023-05-14T21:20:07.856] [INFO] default - MongoAtlasDB Connected successfully
[2023-05-14T21:21:48.774] [INFO] default - MongoDB connected successfully
[2023-05-14T21:21:48.798] [INFO] default - MongoAtlasDB Connected successfully
[2023-05-14T21:22:12.291] [INFO] default - MongoDB connected successfully
[2023-05-14T21:22:12.307] [INFO] default - MongoAtlasDB Connected successfully
[2023-05-14T21:22:35.950] [INFO] default - MongoDB connected successfully
[2023-05-14T21:22:35.962] [INFO] default - MongoAtlasDB Connected successfully
[2023-05-14T21:26:08.389] [INFO] default - MongoDB connected successfully
[2023-05-14T21:26:08.410] [INFO] default - MongoAtlasDB Connected successfully
[2023-05-14T21:31:32.669] [INFO] default - MongoDB connected successfully
[2023-05-14T21:31:32.688] [INFO] default - MongoAtlasDB Connected successfully
[2023-05-15T17:59:27.963] [INFO] default - MongoDB connected successfully
[2023-05-15T17:59:27.984] [INFO] default - MongoAtlasDB Connected successfully
[2023-05-15T18:00:14.842] [INFO] default - MongoDB connected successfully
[2023-05-15T18:00:14.859] [INFO] default - MongoAtlasDB Connected successfully
[2023-05-15T18:01:13.243] [INFO] default - MongoDB connected successfully
[2023-05-15T18:01:13.255] [INFO] default - MongoAtlasDB Connected successfully
[2023-05-15T18:01:56.629] [INFO] default - MongoDB connected successfully
[2023-05-15T18:01:56.640] [INFO] default - MongoAtlasDB Connected successfully
[2023-05-15T18:02:40.997] [INFO] default - MongoDB connected successfully
[2023-05-15T18:02:41.017] [INFO] default - MongoAtlasDB Connected successfully
[2023-05-15T18:03:31.318] [INFO] default - MongoDB connected successfully
[2023-05-15T18:03:31.329] [INFO] default - MongoAtlasDB Connected successfully
[2023-05-15T18:04:14.184] [INFO] default - MongoDB connected successfully
[2023-05-15T18:04:14.219] [INFO] default - MongoAtlasDB Connected successfully
[2023-05-15T18:13:02.385] [INFO] default - MongoDB connected successfully
[2023-05-15T18:13:02.404] [INFO] default - MongoAtlasDB Connected successfully
[2023-05-15T18:14:11.413] [INFO] default - MongoDB connected successfully
[2023-05-15T18:14:11.486] [INFO] default - MongoAtlasDB Connected successfully
[2023-05-15T18:14:12.598] [INFO] default - MongoDB connected successfully
[2023-05-15T18:14:12.606] [INFO] default - MongoAtlasDB Connected successfully
[2023-05-15T18:15:44.169] [INFO] default - MongoDB connected successfully
[2023-05-15T18:15:44.205] [INFO] default - MongoAtlasDB Connected successfully
[2023-05-15T18:15:45.298] [INFO] default - MongoDB connected successfully
[2023-05-15T18:15:45.306] [INFO] default - MongoAtlasDB Connected successfully
[2023-05-15T18:15:45.578] [INFO] default - MongoDB connected successfully
[2023-05-15T18:15:45.581] [INFO] default - MongoAtlasDB Connected successfully
[2023-05-15T18:19:40.968] [INFO] default - MongoDB connected successfully
[2023-05-15T18:19:40.990] [INFO] default - MongoAtlasDB Connected successfully
[2023-05-15T18:19:42.150] [INFO] default - MongoDB connected successfully
[2023-05-15T18:19:42.158] [INFO] default - MongoAtlasDB Connected successfully
[2023-05-15T18:19:42.445] [INFO] default - MongoDB connected successfully
[2023-05-15T18:19:42.453] [INFO] default - MongoAtlasDB Connected successfully
[2023-05-15T18:21:11.141] [INFO] default - MongoDB connected successfully
[2023-05-15T18:21:11.169] [INFO] default - MongoAtlasDB Connected successfully
[2023-05-15T18:21:12.228] [INFO] default - MongoDB connected successfully
[2023-05-15T18:21:12.232] [INFO] default - MongoAtlasDB Connected successfully
[2023-05-15T18:21:12.516] [INFO] default - MongoDB connected successfully
[2023-05-15T18:21:12.522] [INFO] default - MongoAtlasDB Connected successfully
[2023-05-15T18:23:36.480] [INFO] default - MongoDB connected successfully
[2023-05-15T18:23:36.512] [INFO] default - MongoAtlasDB Connected successfully
[2023-05-15T18:23:37.620] [INFO] default - MongoDB connected successfully
[2023-05-15T18:23:37.630] [INFO] default - MongoAtlasDB Connected successfully
[2023-05-15T18:23:37.802] [ERROR] default - User "test" already exists
[2023-05-15T18:23:37.814] [INFO] default - MongoDB connected successfully
[2023-05-15T18:23:37.820] [INFO] default - MongoAtlasDB Connected successfully
[2023-05-15T18:31:53.089] [INFO] default - MongoDB connected successfully
[2023-05-15T18:31:53.116] [INFO] default - MongoAtlasDB Connected successfully
[2023-05-15T18:31:54.233] [INFO] default - MongoDB connected successfully
[2023-05-15T18:31:54.237] [INFO] default - MongoAtlasDB Connected successfully
[2023-05-15T18:31:54.422] [ERROR] default - User "test" already exists
[2023-05-15T18:31:54.434] [INFO] default - MongoDB connected successfully
[2023-05-15T18:31:54.440] [INFO] default - MongoAtlasDB Connected successfully
[2023-05-15T18:31:54.624] [INFO] default - MongoDB connected successfully
[2023-05-15T18:31:54.638] [INFO] default - MongoAtlasDB Connected successfully
[2023-05-15T18:31:54.814] [INFO] default - MongoDB connected successfully
[2023-05-15T18:31:54.819] [INFO] default - MongoAtlasDB Connected successfully
[2023-05-15T18:31:54.998] [INFO] default - MongoDB connected successfully
[2023-05-15T18:31:55.002] [INFO] default - MongoAtlasDB Connected successfully
[2023-05-15T18:31:55.188] [INFO] default - MongoDB connected successfully
[2023-05-15T18:31:55.191] [INFO] default - MongoAtlasDB Connected successfully
[2023-05-15T18:33:32.088] [INFO] default - MongoDB connected successfully
[2023-05-15T18:33:32.191] [INFO] default - MongoAtlasDB Connected successfully
[2023-05-15T18:33:33.281] [INFO] default - MongoDB connected successfully
[2023-05-15T18:33:33.289] [INFO] default - MongoAtlasDB Connected successfully
[2023-05-15T18:33:33.611] [INFO] default - MongoDB connected successfully
[2023-05-15T18:33:33.617] [INFO] default - MongoAtlasDB Connected successfully
[2023-05-15T18:33:33.838] [INFO] default - MongoDB connected successfully
[2023-05-15T18:33:33.842] [INFO] default - MongoAtlasDB Connected successfully
[2023-05-15T18:33:34.021] [INFO] default - MongoDB connected successfully
[2023-05-15T18:33:34.025] [INFO] default - MongoAtlasDB Connected successfully
[2023-05-15T18:33:34.194] [INFO] default - MongoDB connected successfully
[2023-05-15T18:33:34.196] [INFO] default - MongoAtlasDB Connected successfully
[2023-05-15T18:33:34.365] [INFO] default - MongoDB connected successfully
[2023-05-15T18:33:34.370] [INFO] default - MongoAtlasDB Connected successfully
[2023-05-15T18:33:34.547] [INFO] default - MongoDB connected successfully
[2023-05-15T18:33:34.553] [INFO] default - MongoAtlasDB Connected successfully
[2023-05-15T19:07:25.959] [INFO] default - MongoDB connected successfully
[2023-05-15T19:07:25.979] [INFO] default - Database Connected successfully
[2023-05-15T19:08:40.798] [INFO] default - MongoDB connected successfully
[2023-05-15T19:08:40.825] [INFO] default - Database Connected successfully
[2023-05-15T19:19:09.233] [INFO] default - MongoDB connected successfully
[2023-05-15T19:19:09.252] [INFO] default - Database Connected successfully
[2023-05-15T19:19:10.463] [INFO] default - MongoDB connected successfully
[2023-05-15T19:19:10.467] [INFO] default - Database Connected successfully
[2023-05-15T19:19:10.664] [INFO] default - MongoDB connected successfully
[2023-05-15T19:19:10.668] [INFO] default - Database Connected successfully
[2023-05-15T19:26:56.936] [INFO] default - MongoDB connected successfully
[2023-05-15T19:26:56.961] [INFO] default - Database Connected successfully
[2023-05-15T19:26:58.037] [INFO] default - MongoDB connected successfully
[2023-05-15T19:26:58.043] [INFO] default - Database Connected successfully
[2023-05-15T19:26:58.213] [INFO] default - MongoDB connected successfully
[2023-05-15T19:26:58.216] [INFO] default - Database Connected successfully
[2023-05-15T19:27:44.520] [INFO] default - MongoDB connected successfully
[2023-05-15T19:27:44.557] [INFO] default - Database Connected successfully
[2023-05-15T19:27:45.788] [INFO] default - MongoDB connected successfully
[2023-05-15T19:27:45.793] [INFO] default - Database Connected successfully
[2023-05-15T19:27:46.028] [INFO] default - MongoDB connected successfully
[2023-05-15T19:27:46.033] [INFO] default - Database Connected successfully
[2023-05-15T19:29:48.365] [INFO] default - MongoDB connected successfully
[2023-05-15T19:29:48.393] [INFO] default - Database Connected successfully
[2023-05-15T19:29:49.567] [INFO] default - MongoDB connected successfully
[2023-05-15T19:29:49.576] [INFO] default - Database Connected successfully
[2023-05-15T19:29:49.900] [INFO] default - MongoDB connected successfully
[2023-05-15T19:29:49.908] [INFO] default - Database Connected successfully
[2023-05-15T19:29:50.118] [INFO] default - MongoDB connected successfully
[2023-05-15T19:29:50.125] [INFO] default - Database Connected successfully
[2023-05-15T19:29:50.315] [INFO] default - MongoDB connected successfully
[2023-05-15T19:29:50.321] [INFO] default - Database Connected successfully
[2023-05-15T19:48:33.475] [INFO] default - MongoDB connected successfully
[2023-05-15T19:48:33.494] [INFO] default - Database Connected successfully
[2023-05-15T19:48:34.709] [INFO] default - MongoDB connected successfully
[2023-05-15T19:48:34.715] [INFO] default - Database Connected successfully
[2023-05-15T19:48:35.000] [INFO] default - MongoDB connected successfully
[2023-05-15T19:48:35.005] [INFO] default - Database Connected successfully
[2023-05-15T19:48:35.228] [INFO] default - MongoDB connected successfully
[2023-05-15T19:48:35.233] [INFO] default - Database Connected successfully
[2023-05-15T19:48:35.419] [INFO] default - MongoDB connected successfully
[2023-05-15T19:48:35.423] [INFO] default - Database Connected successfully
[2023-05-15T19:48:35.624] [INFO] default - MongoDB connected successfully
[2023-05-15T19:48:35.630] [INFO] default - Database Connected successfully
[2023-05-15T21:14:22.383] [INFO] default - MongoDB connected successfully
[2023-05-15T21:14:22.405] [INFO] default - Database Connected successfully
[2023-05-15T21:14:23.523] [INFO] default - MongoDB connected successfully
[2023-05-15T21:14:23.527] [INFO] default - Database Connected successfully
[2023-05-15T21:14:23.818] [INFO] default - MongoDB connected successfully
[2023-05-15T21:14:23.822] [INFO] default - Database Connected successfully
[2023-05-15T21:14:24.024] [INFO] default - MongoDB connected successfully
[2023-05-15T21:14:24.029] [INFO] default - Database Connected successfully
[2023-05-15T21:14:24.206] [INFO] default - MongoDB connected successfully
[2023-05-15T21:14:24.209] [INFO] default - Database Connected successfully
[2023-05-15T21:14:24.410] [INFO] default - MongoDB connected successfully
[2023-05-15T21:14:24.413] [INFO] default - Database Connected successfully
[2023-05-15T21:14:24.606] [INFO] default - MongoDB connected successfully
[2023-05-15T21:14:24.617] [INFO] default - Database Connected successfully
[2023-05-15T21:15:53.100] [INFO] default - MongoDB connected successfully
[2023-05-15T21:15:53.118] [INFO] default - Database Connected successfully
[2023-05-15T21:15:54.240] [INFO] default - MongoDB connected successfully
[2023-05-15T21:15:54.246] [INFO] default - Database Connected successfully
[2023-05-15T21:15:54.455] [INFO] default - MongoDB connected successfully
[2023-05-15T21:15:54.460] [INFO] default - Database Connected successfully
[2023-05-15T21:15:54.654] [INFO] default - MongoDB connected successfully
[2023-05-15T21:15:54.660] [INFO] default - Database Connected successfully
[2023-05-15T21:15:54.849] [INFO] default - MongoDB connected successfully
[2023-05-15T21:15:54.853] [INFO] default - Database Connected successfully
[2023-05-15T21:15:55.027] [INFO] default - MongoDB connected successfully
[2023-05-15T21:15:55.030] [INFO] default - Database Connected successfully
[2023-05-15T21:15:55.209] [ERROR] default - Error: ReferenceError: id is not defined when modifying product 
[2023-05-15T21:15:55.210] [INFO] default - MongoDB connected successfully
[2023-05-15T21:15:55.215] [INFO] default - Database Connected successfully
[2023-05-15T21:15:55.216] [INFO] default - MongoDB connected successfully
[2023-05-15T21:15:55.220] [INFO] default - Database Connected successfully
[2023-05-15T21:17:31.747] [INFO] default - MongoDB connected successfully
[2023-05-15T21:17:31.773] [INFO] default - Database Connected successfully
[2023-05-15T21:17:32.872] [INFO] default - MongoDB connected successfully
[2023-05-15T21:17:32.878] [INFO] default - Database Connected successfully
[2023-05-15T21:17:33.081] [INFO] default - MongoDB connected successfully
[2023-05-15T21:17:33.086] [INFO] default - Database Connected successfully
[2023-05-15T21:17:33.310] [INFO] default - MongoDB connected successfully
[2023-05-15T21:17:33.313] [INFO] default - Database Connected successfully
[2023-05-15T21:17:33.524] [INFO] default - MongoDB connected successfully
[2023-05-15T21:17:33.528] [INFO] default - Database Connected successfully
[2023-05-15T21:17:33.703] [INFO] default - MongoDB connected successfully
[2023-05-15T21:17:33.706] [INFO] default - Database Connected successfully
[2023-05-15T21:17:33.879] [ERROR] default - Error: ReferenceError: id is not defined when modifying product 
[2023-05-15T21:17:33.880] [INFO] default - MongoDB connected successfully
[2023-05-15T21:17:33.886] [INFO] default - Database Connected successfully
[2023-05-15T21:17:33.886] [INFO] default - MongoDB connected successfully
[2023-05-15T21:17:33.891] [INFO] default - Database Connected successfully
[2023-05-15T21:18:12.538] [INFO] default - MongoDB connected successfully
[2023-05-15T21:18:12.554] [INFO] default - Database Connected successfully
[2023-05-15T21:18:13.761] [INFO] default - MongoDB connected successfully
[2023-05-15T21:18:13.767] [INFO] default - Database Connected successfully
[2023-05-15T21:18:14.003] [INFO] default - MongoDB connected successfully
[2023-05-15T21:18:14.007] [INFO] default - Database Connected successfully
[2023-05-15T21:18:14.247] [INFO] default - MongoDB connected successfully
[2023-05-15T21:18:14.254] [INFO] default - Database Connected successfully
[2023-05-15T21:18:14.443] [INFO] default - MongoDB connected successfully
[2023-05-15T21:18:14.447] [INFO] default - Database Connected successfully
[2023-05-15T21:18:14.631] [INFO] default - MongoDB connected successfully
[2023-05-15T21:18:14.635] [INFO] default - Database Connected successfully
[2023-05-15T21:18:14.822] [INFO] default - MongoDB connected successfully
[2023-05-15T21:18:14.826] [INFO] default - Database Connected successfully
[2023-05-15T21:18:15.021] [ERROR] default - Error: ReferenceError: id is not defined when modifying product 
[2023-05-15T21:18:15.022] [INFO] default - MongoDB connected successfully
[2023-05-15T21:18:15.027] [INFO] default - Database Connected successfully
[2023-05-15T21:20:22.395] [INFO] default - MongoDB connected successfully
[2023-05-15T21:20:22.414] [INFO] default - Database Connected successfully
[2023-05-15T21:20:23.512] [INFO] default - MongoDB connected successfully
[2023-05-15T21:20:23.519] [INFO] default - Database Connected successfully
[2023-05-15T21:20:23.838] [INFO] default - MongoDB connected successfully
[2023-05-15T21:20:23.841] [INFO] default - Database Connected successfully
[2023-05-15T21:20:24.047] [INFO] default - MongoDB connected successfully
[2023-05-15T21:20:24.049] [INFO] default - Database Connected successfully
[2023-05-15T21:20:24.243] [INFO] default - MongoDB connected successfully
[2023-05-15T21:20:24.248] [INFO] default - Database Connected successfully
[2023-05-15T21:20:24.429] [INFO] default - MongoDB connected successfully
[2023-05-15T21:20:24.434] [INFO] default - Database Connected successfully
[2023-05-15T21:20:24.607] [INFO] default - MongoDB connected successfully
[2023-05-15T21:20:24.613] [INFO] default - Database Connected successfully
[2023-05-15T21:20:24.790] [ERROR] default - Error: ReferenceError: id is not defined when modifying product 
[2023-05-15T21:20:24.791] [INFO] default - MongoDB connected successfully
[2023-05-15T21:20:24.797] [INFO] default - Database Connected successfully
[2023-05-15T21:25:43.435] [INFO] default - MongoDB connected successfully
[2023-05-15T21:25:43.457] [INFO] default - Database Connected successfully
[2023-05-15T21:25:44.664] [INFO] default - MongoDB connected successfully
[2023-05-15T21:25:44.670] [INFO] default - Database Connected successfully
[2023-05-15T21:25:44.969] [INFO] default - MongoDB connected successfully
[2023-05-15T21:25:44.975] [INFO] default - Database Connected successfully
[2023-05-15T21:25:45.199] [INFO] default - MongoDB connected successfully
[2023-05-15T21:25:45.202] [INFO] default - Database Connected successfully
[2023-05-15T21:25:45.394] [INFO] default - MongoDB connected successfully
[2023-05-15T21:25:45.398] [INFO] default - Database Connected successfully
[2023-05-15T21:25:45.580] [INFO] default - MongoDB connected successfully
[2023-05-15T21:25:45.584] [INFO] default - Database Connected successfully
[2023-05-15T21:25:45.761] [INFO] default - MongoDB connected successfully
[2023-05-15T21:25:45.764] [INFO] default - Database Connected successfully
[2023-05-15T21:26:36.428] [INFO] default - MongoDB connected successfully
[2023-05-15T21:26:36.445] [INFO] default - Database Connected successfully
[2023-05-15T21:26:37.584] [INFO] default - MongoDB connected successfully
[2023-05-15T21:26:37.588] [INFO] default - Database Connected successfully
[2023-05-15T21:26:37.798] [INFO] default - MongoDB connected successfully
[2023-05-15T21:26:37.803] [INFO] default - Database Connected successfully
[2023-05-15T21:26:37.995] [INFO] default - MongoDB connected successfully
[2023-05-15T21:26:37.998] [INFO] default - Database Connected successfully
[2023-05-15T21:26:38.188] [INFO] default - MongoDB connected successfully
[2023-05-15T21:26:38.192] [INFO] default - Database Connected successfully
[2023-05-15T21:26:38.375] [INFO] default - MongoDB connected successfully
[2023-05-15T21:26:38.380] [INFO] default - Database Connected successfully
[2023-05-15T21:26:38.559] [INFO] default - MongoDB connected successfully
[2023-05-15T21:26:38.561] [INFO] default - Database Connected successfully
[2023-05-15T21:28:03.378] [INFO] default - MongoDB connected successfully
[2023-05-15T21:28:03.403] [INFO] default - Database Connected successfully
[2023-05-15T21:28:04.505] [INFO] default - MongoDB connected successfully
[2023-05-15T21:28:04.512] [INFO] default - Database Connected successfully
[2023-05-15T21:28:04.747] [INFO] default - MongoDB connected successfully
[2023-05-15T21:28:04.756] [INFO] default - Database Connected successfully
[2023-05-15T21:28:04.975] [INFO] default - MongoDB connected successfully
[2023-05-15T21:28:04.980] [INFO] default - Database Connected successfully
[2023-05-15T21:28:05.169] [INFO] default - MongoDB connected successfully
[2023-05-15T21:28:05.176] [INFO] default - Database Connected successfully
[2023-05-15T21:28:05.352] [INFO] default - MongoDB connected successfully
[2023-05-15T21:28:05.356] [INFO] default - Database Connected successfully
[2023-05-15T21:28:05.532] [INFO] default - MongoDB connected successfully
[2023-05-15T21:28:05.537] [INFO] default - Database Connected successfully
[2023-05-15T21:28:05.716] [INFO] default - MongoDB connected successfully
[2023-05-15T21:28:05.723] [INFO] default - Database Connected successfully
[2023-05-15T21:29:46.503] [INFO] default - MongoDB connected successfully
[2023-05-15T21:29:46.537] [INFO] default - Database Connected successfully
[2023-05-15T21:29:47.744] [INFO] default - MongoDB connected successfully
[2023-05-15T21:29:47.750] [INFO] default - Database Connected successfully
[2023-05-15T21:29:48.057] [INFO] default - MongoDB connected successfully
[2023-05-15T21:29:48.062] [INFO] default - Database Connected successfully
[2023-05-15T21:29:48.296] [INFO] default - MongoDB connected successfully
[2023-05-15T21:29:48.301] [INFO] default - Database Connected successfully
[2023-05-15T21:29:48.490] [INFO] default - MongoDB connected successfully
[2023-05-15T21:29:48.494] [INFO] default - Database Connected successfully
[2023-05-15T21:29:48.669] [INFO] default - MongoDB connected successfully
[2023-05-15T21:29:48.673] [INFO] default - Database Connected successfully
[2023-05-15T21:29:48.846] [INFO] default - MongoDB connected successfully
[2023-05-15T21:29:48.851] [INFO] default - Database Connected successfully
[2023-05-15T21:29:49.027] [INFO] default - MongoDB connected successfully
[2023-05-15T21:29:49.033] [INFO] default - Database Connected successfully
[2023-05-15T21:29:49.228] [INFO] default - MongoDB connected successfully
[2023-05-15T21:29:49.235] [INFO] default - Database Connected successfully
[2023-05-15T21:33:41.622] [INFO] default - MongoDB connected successfully
[2023-05-15T21:33:41.652] [INFO] default - Database Connected successfully
[2023-05-15T21:33:43.011] [INFO] default - MongoDB connected successfully
[2023-05-15T21:33:43.017] [INFO] default - Database Connected successfully
[2023-05-15T21:33:43.332] [INFO] default - MongoDB connected successfully
[2023-05-15T21:33:43.335] [INFO] default - Database Connected successfully
[2023-05-15T21:33:43.548] [INFO] default - MongoDB connected successfully
[2023-05-15T21:33:43.554] [INFO] default - Database Connected successfully
[2023-05-15T21:33:43.788] [INFO] default - MongoDB connected successfully
[2023-05-15T21:33:43.799] [INFO] default - Database Connected successfully
[2023-05-15T21:33:44.034] [INFO] default - MongoDB connected successfully
[2023-05-15T21:33:44.039] [INFO] default - Database Connected successfully
[2023-05-15T21:33:44.266] [INFO] default - MongoDB connected successfully
[2023-05-15T21:33:44.271] [INFO] default - Database Connected successfully
[2023-05-15T21:33:44.471] [INFO] default - MongoDB connected successfully
[2023-05-15T21:33:44.478] [INFO] default - Database Connected successfully
[2023-05-15T21:33:44.740] [INFO] default - MongoDB connected successfully
[2023-05-15T21:33:44.753] [INFO] default - Database Connected successfully
[2023-05-15T21:37:20.244] [INFO] default - MongoDB connected successfully
[2023-05-15T21:37:20.262] [INFO] default - Database Connected successfully
[2023-05-15T21:37:21.393] [INFO] default - MongoDB connected successfully
[2023-05-15T21:37:21.397] [INFO] default - Database Connected successfully
[2023-05-15T21:37:21.637] [INFO] default - MongoDB connected successfully
[2023-05-15T21:37:21.640] [INFO] default - Database Connected successfully
[2023-05-15T21:37:21.840] [INFO] default - MongoDB connected successfully
[2023-05-15T21:37:21.844] [INFO] default - Database Connected successfully
[2023-05-15T21:37:22.027] [INFO] default - MongoDB connected successfully
[2023-05-15T21:37:22.032] [INFO] default - Database Connected successfully
[2023-05-15T21:37:22.211] [INFO] default - MongoDB connected successfully
[2023-05-15T21:37:22.216] [INFO] default - Database Connected successfully
[2023-05-15T21:37:22.392] [INFO] default - MongoDB connected successfully
[2023-05-15T21:37:22.396] [INFO] default - Database Connected successfully
[2023-05-15T21:37:22.606] [INFO] default - MongoDB connected successfully
[2023-05-15T21:37:22.612] [INFO] default - Database Connected successfully
[2023-05-15T21:37:22.822] [INFO] default - MongoDB connected successfully
[2023-05-15T21:37:22.829] [INFO] default - Database Connected successfully
[2023-05-15T21:38:48.660] [INFO] default - MongoDB connected successfully
[2023-05-15T21:38:48.688] [INFO] default - Database Connected successfully
[2023-05-15T21:38:49.793] [INFO] default - MongoDB connected successfully
[2023-05-15T21:38:49.797] [INFO] default - Database Connected successfully
[2023-05-15T21:38:50.088] [INFO] default - MongoDB connected successfully
[2023-05-15T21:38:50.095] [INFO] default - Database Connected successfully
[2023-05-15T21:38:50.292] [INFO] default - MongoDB connected successfully
[2023-05-15T21:38:50.297] [INFO] default - Database Connected successfully
[2023-05-15T21:38:50.485] [INFO] default - MongoDB connected successfully
[2023-05-15T21:38:50.491] [INFO] default - Database Connected successfully
[2023-05-15T21:38:50.669] [INFO] default - MongoDB connected successfully
[2023-05-15T21:38:50.674] [INFO] default - Database Connected successfully
[2023-05-15T21:38:50.846] [INFO] default - MongoDB connected successfully
[2023-05-15T21:38:50.849] [INFO] default - Database Connected successfully
[2023-05-15T21:38:51.022] [INFO] default - MongoDB connected successfully
[2023-05-15T21:38:51.027] [INFO] default - Database Connected successfully
[2023-05-15T21:38:51.202] [INFO] default - MongoDB connected successfully
[2023-05-15T21:38:51.204] [INFO] default - Database Connected successfully
[2023-05-15T21:41:22.344] [INFO] default - MongoDB connected successfully
[2023-05-15T21:41:22.363] [INFO] default - Database Connected successfully
[2023-05-15T21:41:23.496] [INFO] default - MongoDB connected successfully
[2023-05-15T21:41:23.499] [INFO] default - Database Connected successfully
[2023-05-15T21:41:23.791] [INFO] default - MongoDB connected successfully
[2023-05-15T21:41:23.795] [INFO] default - Database Connected successfully
[2023-05-15T21:41:23.994] [INFO] default - MongoDB connected successfully
[2023-05-15T21:41:23.998] [INFO] default - Database Connected successfully
[2023-05-15T21:41:24.191] [INFO] default - MongoDB connected successfully
[2023-05-15T21:41:24.196] [INFO] default - Database Connected successfully
[2023-05-15T21:41:24.382] [INFO] default - MongoDB connected successfully
[2023-05-15T21:41:24.387] [INFO] default - Database Connected successfully
[2023-05-15T21:41:24.575] [INFO] default - MongoDB connected successfully
[2023-05-15T21:41:24.578] [INFO] default - Database Connected successfully
[2023-05-15T21:41:24.777] [INFO] default - MongoDB connected successfully
[2023-05-15T21:41:24.782] [INFO] default - Database Connected successfully
[2023-05-15T21:41:24.966] [INFO] default - MongoDB connected successfully
[2023-05-15T21:41:24.969] [INFO] default - Database Connected successfully
[2023-05-15T21:43:33.413] [INFO] default - MongoDB connected successfully
[2023-05-15T21:43:33.437] [INFO] default - Database Connected successfully
[2023-05-15T21:43:34.554] [INFO] default - MongoDB connected successfully
[2023-05-15T21:43:34.559] [INFO] default - Database Connected successfully
[2023-05-15T21:43:34.857] [INFO] default - MongoDB connected successfully
[2023-05-15T21:43:34.863] [INFO] default - Database Connected successfully
[2023-05-15T21:43:35.060] [INFO] default - MongoDB connected successfully
[2023-05-15T21:43:35.065] [INFO] default - Database Connected successfully
[2023-05-15T21:43:35.251] [INFO] default - MongoDB connected successfully
[2023-05-15T21:43:35.254] [INFO] default - Database Connected successfully
[2023-05-15T21:43:35.430] [INFO] default - MongoDB connected successfully
[2023-05-15T21:43:35.432] [INFO] default - Database Connected successfully
[2023-05-15T21:43:35.614] [INFO] default - MongoDB connected successfully
[2023-05-15T21:43:35.617] [INFO] default - Database Connected successfully
[2023-05-15T21:43:35.794] [INFO] default - MongoDB connected successfully
[2023-05-15T21:43:35.797] [INFO] default - Database Connected successfully
[2023-05-15T21:43:35.980] [INFO] default - MongoDB connected successfully
[2023-05-15T21:43:35.984] [INFO] default - Database Connected successfully
[2023-05-15T21:44:27.259] [INFO] default - MongoDB connected successfully
[2023-05-15T21:44:27.278] [INFO] default - Database Connected successfully
[2023-05-15T21:44:28.372] [INFO] default - MongoDB connected successfully
[2023-05-15T21:44:28.376] [INFO] default - Database Connected successfully
[2023-05-15T21:44:28.584] [INFO] default - MongoDB connected successfully
[2023-05-15T21:44:28.588] [INFO] default - Database Connected successfully
[2023-05-15T21:44:28.775] [INFO] default - MongoDB connected successfully
[2023-05-15T21:44:28.781] [INFO] default - Database Connected successfully
[2023-05-15T21:44:28.965] [INFO] default - MongoDB connected successfully
[2023-05-15T21:44:28.970] [INFO] default - Database Connected successfully
[2023-05-15T21:44:29.141] [INFO] default - MongoDB connected successfully
[2023-05-15T21:44:29.144] [INFO] default - Database Connected successfully
[2023-05-15T21:44:29.333] [INFO] default - MongoDB connected successfully
[2023-05-15T21:44:29.337] [INFO] default - Database Connected successfully
[2023-05-15T21:44:29.555] [INFO] default - MongoDB connected successfully
[2023-05-15T21:44:29.559] [INFO] default - Database Connected successfully
[2023-05-15T21:45:02.943] [INFO] default - MongoDB connected successfully
[2023-05-15T21:45:02.961] [INFO] default - Database Connected successfully
[2023-05-15T21:45:04.133] [INFO] default - MongoDB connected successfully
[2023-05-15T21:45:04.140] [INFO] default - Database Connected successfully
[2023-05-15T21:45:04.444] [INFO] default - MongoDB connected successfully
[2023-05-15T21:45:04.449] [INFO] default - Database Connected successfully
[2023-05-15T21:45:04.697] [INFO] default - MongoDB connected successfully
[2023-05-15T21:45:04.704] [INFO] default - Database Connected successfully
[2023-05-15T21:45:04.899] [INFO] default - MongoDB connected successfully
[2023-05-15T21:45:04.906] [INFO] default - Database Connected successfully
[2023-05-15T21:45:05.090] [INFO] default - MongoDB connected successfully
[2023-05-15T21:45:05.093] [INFO] default - Database Connected successfully
[2023-05-15T21:45:05.275] [INFO] default - MongoDB connected successfully
[2023-05-15T21:45:05.279] [INFO] default - Database Connected successfully
[2023-05-15T21:45:05.466] [INFO] default - MongoDB connected successfully
[2023-05-15T21:45:05.469] [INFO] default - Database Connected successfully
[2023-05-15T21:45:05.656] [INFO] default - MongoDB connected successfully
[2023-05-15T21:45:05.659] [INFO] default - Database Connected successfully
[2023-05-15T21:46:36.940] [INFO] default - MongoDB connected successfully
[2023-05-15T21:46:36.963] [INFO] default - Database Connected successfully
[2023-05-15T21:46:38.114] [INFO] default - MongoDB connected successfully
[2023-05-15T21:46:38.120] [INFO] default - Database Connected successfully
[2023-05-15T21:46:38.332] [INFO] default - MongoDB connected successfully
[2023-05-15T21:46:38.337] [INFO] default - Database Connected successfully
[2023-05-15T21:46:38.556] [INFO] default - MongoDB connected successfully
[2023-05-15T21:46:38.559] [INFO] default - Database Connected successfully
[2023-05-15T21:46:38.743] [INFO] default - MongoDB connected successfully
[2023-05-15T21:46:38.746] [INFO] default - Database Connected successfully
[2023-05-15T21:46:38.927] [INFO] default - MongoDB connected successfully
[2023-05-15T21:46:38.930] [INFO] default - Database Connected successfully
[2023-05-15T21:46:39.108] [INFO] default - MongoDB connected successfully
[2023-05-15T21:46:39.111] [INFO] default - Database Connected successfully
[2023-05-15T21:46:39.295] [INFO] default - MongoDB connected successfully
[2023-05-15T21:46:39.299] [INFO] default - Database Connected successfully
[2023-05-15T21:46:39.488] [INFO] default - MongoDB connected successfully
[2023-05-15T21:46:39.491] [INFO] default - Database Connected successfully
[2023-05-16T14:04:24.407] [INFO] default - MongoDB connected successfully
[2023-05-16T14:04:24.429] [INFO] default - Database Connected successfully
[2023-05-16T14:04:25.532] [INFO] default - MongoDB connected successfully
[2023-05-16T14:04:25.540] [INFO] default - Database Connected successfully
[2023-05-16T14:04:25.821] [INFO] default - MongoDB connected successfully
[2023-05-16T14:04:25.824] [INFO] default - Database Connected successfully
[2023-05-16T14:04:26.016] [INFO] default - MongoDB connected successfully
[2023-05-16T14:04:26.020] [INFO] default - Database Connected successfully
[2023-05-16T14:04:26.198] [INFO] default - MongoDB connected successfully
[2023-05-16T14:04:26.203] [INFO] default - Database Connected successfully
[2023-05-16T14:04:26.374] [INFO] default - MongoDB connected successfully
[2023-05-16T14:04:26.376] [INFO] default - Database Connected successfully
[2023-05-16T14:04:26.551] [INFO] default - MongoDB connected successfully
[2023-05-16T14:04:26.556] [INFO] default - Database Connected successfully
[2023-05-16T14:04:26.734] [INFO] default - MongoDB connected successfully
[2023-05-16T14:04:26.739] [INFO] default - Database Connected successfully
[2023-05-16T14:04:26.920] [INFO] default - MongoDB connected successfully
[2023-05-16T14:04:26.923] [INFO] default - Database Connected successfully
[2023-05-16T14:11:01.376] [INFO] default - MongoDB connected successfully
[2023-05-16T14:11:01.402] [INFO] default - Database Connected successfully
[2023-05-16T14:11:02.636] [INFO] default - MongoDB connected successfully
[2023-05-16T14:11:02.643] [INFO] default - Database Connected successfully
[2023-05-16T14:11:02.909] [INFO] default - MongoDB connected successfully
[2023-05-16T14:11:02.915] [INFO] default - Database Connected successfully
[2023-05-16T14:11:03.152] [INFO] default - MongoDB connected successfully
[2023-05-16T14:11:03.160] [INFO] default - Database Connected successfully
[2023-05-16T14:11:03.340] [INFO] default - MongoDB connected successfully
[2023-05-16T14:11:03.346] [INFO] default - Database Connected successfully
[2023-05-16T14:11:03.586] [INFO] default - MongoDB connected successfully
[2023-05-16T14:11:03.588] [INFO] default - Database Connected successfully
[2023-05-16T14:11:03.770] [INFO] default - MongoDB connected successfully
[2023-05-16T14:11:03.773] [INFO] default - Database Connected successfully
[2023-05-16T14:11:03.959] [INFO] default - MongoDB connected successfully
[2023-05-16T14:11:03.964] [INFO] default - Database Connected successfully
[2023-05-16T14:11:04.149] [INFO] default - MongoDB connected successfully
[2023-05-16T14:11:04.152] [INFO] default - Database Connected successfully
[2023-05-16T14:12:51.465] [INFO] default - MongoDB connected successfully
[2023-05-16T14:12:51.519] [INFO] default - Database Connected successfully
[2023-05-16T14:12:52.853] [INFO] default - MongoDB connected successfully
[2023-05-16T14:12:52.863] [INFO] default - Database Connected successfully
[2023-05-16T14:12:53.926] [INFO] default - MongoDB connected successfully
[2023-05-16T14:12:53.932] [INFO] default - Database Connected successfully
[2023-05-16T14:12:54.245] [INFO] default - MongoDB connected successfully
[2023-05-16T14:12:54.251] [INFO] default - Database Connected successfully
[2023-05-16T14:12:54.593] [INFO] default - MongoDB connected successfully
[2023-05-16T14:12:54.598] [INFO] default - Database Connected successfully
[2023-05-16T14:12:54.992] [INFO] default - MongoDB connected successfully
[2023-05-16T14:12:54.999] [INFO] default - Database Connected successfully
[2023-05-16T14:12:55.481] [INFO] default - MongoDB connected successfully
[2023-05-16T14:12:55.493] [INFO] default - Database Connected successfully
[2023-05-16T14:12:55.998] [INFO] default - MongoDB connected successfully
[2023-05-16T14:12:56.018] [INFO] default - Database Connected successfully
[2023-05-16T14:12:56.393] [INFO] default - MongoDB connected successfully
[2023-05-16T14:12:56.398] [INFO] default - Database Connected successfully
[2023-05-16T14:18:13.205] [INFO] default - MongoDB connected successfully
[2023-05-16T14:18:13.235] [INFO] default - Database Connected successfully
[2023-05-16T14:18:14.506] [INFO] default - MongoDB connected successfully
[2023-05-16T14:18:14.514] [INFO] default - Database Connected successfully
[2023-05-16T14:18:14.858] [INFO] default - MongoDB connected successfully
[2023-05-16T14:18:14.866] [INFO] default - Database Connected successfully
[2023-05-16T14:18:15.137] [INFO] default - MongoDB connected successfully
[2023-05-16T14:18:15.142] [INFO] default - Database Connected successfully
[2023-05-16T14:18:15.337] [INFO] default - MongoDB connected successfully
[2023-05-16T14:18:15.342] [INFO] default - Database Connected successfully
[2023-05-16T14:18:15.531] [INFO] default - MongoDB connected successfully
[2023-05-16T14:18:15.537] [INFO] default - Database Connected successfully
[2023-05-16T14:18:15.750] [INFO] default - MongoDB connected successfully
[2023-05-16T14:18:15.757] [INFO] default - Database Connected successfully
[2023-05-16T14:18:15.955] [INFO] default - MongoDB connected successfully
[2023-05-16T14:18:15.966] [INFO] default - Database Connected successfully
[2023-05-16T14:18:16.175] [INFO] default - MongoDB connected successfully
[2023-05-16T14:18:16.181] [INFO] default - Database Connected successfully
[2023-05-16T14:18:16.377] [INFO] default - MongoDB connected successfully
[2023-05-16T14:18:16.384] [INFO] default - Database Connected successfully
[2023-05-16T14:18:16.600] [INFO] default - MongoDB connected successfully
[2023-05-16T14:18:16.604] [INFO] default - Database Connected successfully
[2023-05-16T14:18:16.790] [INFO] default - MongoDB connected successfully
[2023-05-16T14:18:16.795] [INFO] default - Database Connected successfully
[2023-05-16T14:20:52.926] [INFO] default - MongoDB connected successfully
[2023-05-16T14:20:52.952] [INFO] default - Database Connected successfully
[2023-05-16T14:20:54.154] [INFO] default - MongoDB connected successfully
[2023-05-16T14:20:54.161] [INFO] default - Database Connected successfully
[2023-05-16T14:20:54.528] [INFO] default - MongoDB connected successfully
[2023-05-16T14:20:54.533] [INFO] default - Database Connected successfully
[2023-05-16T14:20:54.766] [INFO] default - MongoDB connected successfully
[2023-05-16T14:20:54.771] [INFO] default - Database Connected successfully
[2023-05-16T14:20:54.955] [INFO] default - MongoDB connected successfully
[2023-05-16T14:20:54.961] [INFO] default - Database Connected successfully
[2023-05-16T14:20:55.151] [INFO] default - MongoDB connected successfully
[2023-05-16T14:20:55.156] [INFO] default - Database Connected successfully
[2023-05-16T14:20:55.338] [INFO] default - MongoDB connected successfully
[2023-05-16T14:20:55.344] [INFO] default - Database Connected successfully
[2023-05-16T14:20:55.526] [INFO] default - MongoDB connected successfully
[2023-05-16T14:20:55.532] [INFO] default - Database Connected successfully
[2023-05-16T14:20:55.731] [INFO] default - MongoDB connected successfully
[2023-05-16T14:20:55.736] [INFO] default - Database Connected successfully
[2023-05-16T14:20:55.922] [INFO] default - MongoDB connected successfully
[2023-05-16T14:20:55.927] [INFO] default - Database Connected successfully
[2023-05-16T14:20:56.126] [INFO] default - MongoDB connected successfully
[2023-05-16T14:20:56.130] [INFO] default - Database Connected successfully
[2023-05-16T14:20:56.343] [INFO] default - MongoDB connected successfully
[2023-05-16T14:20:56.347] [INFO] default - Database Connected successfully
[2023-05-16T14:46:19.728] [INFO] default - MongoDB connected successfully
[2023-05-16T14:46:19.760] [INFO] default - Database Connected successfully
[2023-05-16T14:46:20.982] [INFO] default - MongoDB connected successfully
[2023-05-16T14:46:20.988] [INFO] default - Database Connected successfully
[2023-05-16T14:46:21.354] [INFO] default - MongoDB connected successfully
[2023-05-16T14:46:21.364] [INFO] default - Database Connected successfully
[2023-05-16T14:46:21.645] [INFO] default - MongoDB connected successfully
[2023-05-16T14:46:21.650] [INFO] default - Database Connected successfully
[2023-05-16T14:46:21.847] [INFO] default - MongoDB connected successfully
[2023-05-16T14:46:21.852] [INFO] default - Database Connected successfully
[2023-05-16T14:46:22.133] [INFO] default - MongoDB connected successfully
[2023-05-16T14:46:22.137] [INFO] default - Database Connected successfully
[2023-05-16T14:46:22.328] [INFO] default - MongoDB connected successfully
[2023-05-16T14:46:22.332] [INFO] default - Database Connected successfully
[2023-05-16T14:46:22.549] [INFO] default - MongoDB connected successfully
[2023-05-16T14:46:22.556] [INFO] default - Database Connected successfully
[2023-05-16T14:46:22.744] [INFO] default - MongoDB connected successfully
[2023-05-16T14:46:22.750] [INFO] default - Database Connected successfully
[2023-05-16T14:46:22.944] [INFO] default - MongoDB connected successfully
[2023-05-16T14:46:22.950] [INFO] default - Database Connected successfully
[2023-05-16T14:48:16.330] [INFO] default - MongoDB connected successfully
[2023-05-16T14:48:16.357] [INFO] default - Database Connected successfully
[2023-05-16T14:48:17.469] [INFO] default - MongoDB connected successfully
[2023-05-16T14:48:17.475] [INFO] default - Database Connected successfully
[2023-05-16T14:48:17.725] [INFO] default - MongoDB connected successfully
[2023-05-16T14:48:17.768] [INFO] default - Database Connected successfully
[2023-05-16T14:48:17.986] [INFO] default - MongoDB connected successfully
[2023-05-16T14:48:17.991] [INFO] default - Database Connected successfully
[2023-05-16T14:48:18.169] [INFO] default - MongoDB connected successfully
[2023-05-16T14:48:18.175] [INFO] default - Database Connected successfully
[2023-05-16T14:48:18.361] [INFO] default - MongoDB connected successfully
[2023-05-16T14:48:18.366] [INFO] default - Database Connected successfully
[2023-05-16T14:48:18.539] [INFO] default - MongoDB connected successfully
[2023-05-16T14:48:18.543] [INFO] default - Database Connected successfully
[2023-05-16T14:48:18.711] [INFO] default - MongoDB connected successfully
[2023-05-16T14:48:18.716] [INFO] default - Database Connected successfully
[2023-05-16T14:48:18.896] [INFO] default - MongoDB connected successfully
[2023-05-16T14:48:18.902] [INFO] default - Database Connected successfully
[2023-05-16T14:48:19.074] [INFO] default - MongoDB connected successfully
[2023-05-16T14:48:19.079] [INFO] default - Database Connected successfully
[2023-05-16T14:49:17.085] [INFO] default - MongoDB connected successfully
[2023-05-16T14:49:17.119] [INFO] default - Database Connected successfully
[2023-05-16T14:49:18.369] [INFO] default - MongoDB connected successfully
[2023-05-16T14:49:18.377] [INFO] default - Database Connected successfully
[2023-05-16T14:49:18.725] [INFO] default - MongoDB connected successfully
[2023-05-16T14:49:18.778] [INFO] default - Database Connected successfully
[2023-05-16T14:49:19.107] [INFO] default - MongoDB connected successfully
[2023-05-16T14:49:19.112] [INFO] default - Database Connected successfully
[2023-05-16T14:49:19.395] [INFO] default - MongoDB connected successfully
[2023-05-16T14:49:19.400] [INFO] default - Database Connected successfully
[2023-05-16T14:49:19.603] [INFO] default - MongoDB connected successfully
[2023-05-16T14:49:19.608] [INFO] default - Database Connected successfully
[2023-05-16T14:49:19.798] [INFO] default - MongoDB connected successfully
[2023-05-16T14:49:19.802] [INFO] default - Database Connected successfully
[2023-05-16T14:49:19.989] [INFO] default - MongoDB connected successfully
[2023-05-16T14:49:19.994] [INFO] default - Database Connected successfully
[2023-05-16T14:49:20.190] [INFO] default - MongoDB connected successfully
[2023-05-16T14:49:20.197] [INFO] default - Database Connected successfully
[2023-05-16T14:49:20.381] [INFO] default - MongoDB connected successfully
[2023-05-16T14:49:20.389] [INFO] default - Database Connected successfully
[2023-05-16T14:49:20.570] [INFO] default - MongoDB connected successfully
[2023-05-16T14:49:20.575] [INFO] default - Database Connected successfully
[2023-05-16T14:49:20.763] [INFO] default - MongoDB connected successfully
[2023-05-16T14:49:20.769] [INFO] default - Database Connected successfully
[2023-05-16T19:04:08.467] [INFO] default - MongoDB connected successfully
[2023-05-16T19:04:08.499] [INFO] default - Database Connected successfully
[2023-05-16T19:04:08.636] [INFO] default - MongoDB connected successfully
[2023-05-16T19:04:08.661] [INFO] default - Database Connected successfully
[2023-05-16T19:04:09.183] [INFO] default - MongoDB connected successfully
[2023-05-16T19:04:09.189] [INFO] default - Database Connected successfully
[2023-05-16T19:08:20.894] [INFO] default - MongoDB connected successfully
[2023-05-16T19:08:20.927] [INFO] default - Database Connected successfully
[2023-05-17T09:32:44.897] [INFO] default - MongoDB connected successfully
[2023-05-17T09:32:44.933] [INFO] default - Database Connected successfully
[2023-05-17T09:33:17.619] [INFO] default - MongoDB connected successfully
[2023-05-17T09:33:17.633] [INFO] default - Database Connected successfully
[2023-05-17T09:34:04.011] [INFO] default - MongoDB connected successfully
[2023-05-17T09:34:04.024] [INFO] default - Database Connected successfully
[2023-05-17T09:34:48.691] [INFO] default - MongoDB connected successfully
[2023-05-17T09:34:48.713] [INFO] default - Database Connected successfully
[2023-05-17T09:35:12.278] [INFO] default - MongoDB connected successfully
[2023-05-17T09:35:12.291] [INFO] default - Database Connected successfully
[2023-05-17T09:35:44.011] [INFO] default - MongoDB connected successfully
[2023-05-17T09:35:44.024] [INFO] default - Database Connected successfully
[2023-05-17T09:50:54.677] [INFO] default - MongoDB connected successfully
[2023-05-17T09:50:54.700] [INFO] default - Database Connected successfully
[2023-05-17T09:51:27.324] [INFO] default - MongoDB connected successfully
[2023-05-17T09:51:27.342] [INFO] default - Database Connected successfully
[2023-05-17T09:51:27.759] [INFO] default - MongoDB connected successfully
[2023-05-17T09:51:27.764] [INFO] default - Database Connected successfully
[2023-05-17T09:52:57.322] [INFO] default - MongoDB connected successfully
[2023-05-17T09:52:57.337] [INFO] default - Database Connected successfully
[2023-05-17T09:52:57.753] [INFO] default - MongoDB connected successfully
[2023-05-17T09:52:57.756] [INFO] default - Database Connected successfully
[2023-05-17T09:52:58.102] [INFO] default - MongoDB connected successfully
[2023-05-17T09:52:58.104] [INFO] default - Database Connected successfully
[2023-05-17T10:07:28.141] [INFO] default - MongoDB connected successfully
[2023-05-17T10:07:28.155] [INFO] default - Database Connected successfully
[2023-05-17T10:07:57.623] [INFO] default - MongoDB connected successfully
[2023-05-17T10:07:57.635] [INFO] default - Database Connected successfully
[2023-05-17T10:07:58.052] [INFO] default - MongoDB connected successfully
[2023-05-17T10:07:58.059] [INFO] default - Database Connected successfully
[2023-05-17T10:07:58.068] [ERROR] default - Error CastError: Cast to number failed for value "undefined" (type undefined) at path "products.$" when trying to add product to cart
[2023-05-17T10:07:58.069] [INFO] default - MongoDB connected successfully
[2023-05-17T10:07:58.074] [INFO] default - Database Connected successfully
[2023-05-17T10:23:49.665] [INFO] default - MongoDB connected successfully
[2023-05-17T10:23:49.683] [INFO] default - Database Connected successfully
[2023-05-17T10:23:50.159] [INFO] default - MongoDB connected successfully
[2023-05-17T10:23:50.167] [INFO] default - Database Connected successfully
[2023-05-17T10:30:18.518] [INFO] default - MongoDB connected successfully
[2023-05-17T10:30:18.539] [INFO] default - Database Connected successfully
[2023-05-17T10:30:18.911] [INFO] default - MongoDB connected successfully
[2023-05-17T10:30:18.916] [INFO] default - Database Connected successfully
[2023-05-17T10:34:48.114] [INFO] default - MongoDB connected successfully
[2023-05-17T10:34:48.128] [INFO] default - Database Connected successfully
[2023-05-17T10:34:48.497] [INFO] default - MongoDB connected successfully
[2023-05-17T10:34:48.500] [INFO] default - Database Connected successfully
[2023-05-17T10:38:05.460] [INFO] default - MongoDB connected successfully
[2023-05-17T10:38:05.472] [INFO] default - Database Connected successfully
[2023-05-17T10:38:05.833] [INFO] default - MongoDB connected successfully
[2023-05-17T10:38:05.837] [INFO] default - Database Connected successfully
[2023-05-17T10:38:05.863] [INFO] default - MongoDB connected successfully
[2023-05-17T10:38:05.865] [INFO] default - Database Connected successfully
[2023-05-17T10:45:15.415] [INFO] default - MongoDB connected successfully
[2023-05-17T10:45:15.436] [INFO] default - Database Connected successfully
[2023-05-17T10:45:15.769] [INFO] default - MongoDB connected successfully
[2023-05-17T10:45:15.773] [INFO] default - Database Connected successfully
[2023-05-17T10:48:18.167] [INFO] default - MongoDB connected successfully
[2023-05-17T10:48:18.182] [INFO] default - Database Connected successfully
[2023-05-17T10:48:18.529] [INFO] default - MongoDB connected successfully
[2023-05-17T10:48:18.532] [INFO] default - Database Connected successfully
[2023-05-17T10:50:11.341] [INFO] default - MongoDB connected successfully
[2023-05-17T10:50:11.353] [INFO] default - Database Connected successfully
[2023-05-17T10:51:01.987] [INFO] default - MongoDB connected successfully
[2023-05-17T10:51:02.000] [INFO] default - Database Connected successfully
[2023-05-17T15:16:32.729] [INFO] default - MongoDB connected successfully
[2023-05-17T15:16:32.747] [INFO] default - Database Connected successfully
[2023-05-17T15:16:33.135] [INFO] default - MongoDB connected successfully
[2023-05-17T15:16:33.139] [INFO] default - Database Connected successfully
[2023-05-17T15:16:33.325] [INFO] default - MongoDB connected successfully
[2023-05-17T15:16:33.329] [INFO] default - Database Connected successfully
[2023-05-17T15:16:33.524] [INFO] default - MongoDB connected successfully
[2023-05-17T15:16:33.529] [INFO] default - Database Connected successfully
[2023-05-17T15:17:39.103] [INFO] default - MongoDB connected successfully
[2023-05-17T15:17:39.118] [INFO] default - Database Connected successfully
[2023-05-17T15:17:39.495] [INFO] default - MongoDB connected successfully
[2023-05-17T15:17:39.500] [INFO] default - Database Connected successfully
[2023-05-17T15:17:39.692] [INFO] default - MongoDB connected successfully
[2023-05-17T15:17:39.699] [INFO] default - Database Connected successfully
[2023-05-17T15:32:20.260] [INFO] default - MongoDB connected successfully
[2023-05-17T15:32:20.277] [INFO] default - Database Connected successfully
[2023-05-17T15:48:55.403] [INFO] default - MongoDB connected successfully
[2023-05-17T15:48:55.422] [INFO] default - Database Connected successfully
[2023-05-17T15:48:55.447] [INFO] default - MongoDB connected successfully
[2023-05-17T15:48:55.450] [INFO] default - Database Connected successfully
[2023-05-17T15:48:55.784] [INFO] default - MongoDB connected successfully
[2023-05-17T15:48:55.787] [INFO] default - Database Connected successfully
[2023-05-17T15:48:55.973] [INFO] default - MongoDB connected successfully
[2023-05-17T15:48:55.976] [INFO] default - Database Connected successfully
[2023-05-17T15:50:05.833] [INFO] default - MongoDB connected successfully
[2023-05-17T15:50:05.846] [INFO] default - Database Connected successfully
[2023-05-17T15:50:05.871] [INFO] default - MongoDB connected successfully
[2023-05-17T15:50:05.873] [INFO] default - Database Connected successfully
[2023-05-17T15:50:06.207] [INFO] default - MongoDB connected successfully
[2023-05-17T15:50:06.209] [INFO] default - Database Connected successfully
[2023-05-17T15:50:06.405] [INFO] default - MongoDB connected successfully
[2023-05-17T15:50:06.409] [INFO] default - Database Connected successfully
[2023-05-17T15:52:20.936] [INFO] default - MongoDB connected successfully
[2023-05-17T15:52:20.956] [INFO] default - Database Connected successfully
[2023-05-17T15:52:20.987] [INFO] default - MongoDB connected successfully
[2023-05-17T15:52:20.991] [INFO] default - Database Connected successfully
[2023-05-17T15:53:56.730] [INFO] default - MongoDB connected successfully
[2023-05-17T15:53:56.743] [INFO] default - Database Connected successfully
[2023-05-17T15:53:56.915] [INFO] default - MongoDB connected successfully
[2023-05-17T15:53:56.918] [INFO] default - Database Connected successfully
[2023-05-17T15:55:54.021] [INFO] default - MongoDB connected successfully
[2023-05-17T15:55:54.040] [INFO] default - Database Connected successfully
[2023-05-17T15:55:54.417] [INFO] default - MongoDB connected successfully
[2023-05-17T15:55:54.420] [INFO] default - Database Connected successfully
[2023-05-17T15:55:54.615] [INFO] default - MongoDB connected successfully
[2023-05-17T15:55:54.620] [INFO] default - Database Connected successfully
[2023-05-17T16:06:46.280] [INFO] default - MongoDB connected successfully
[2023-05-17T16:06:46.297] [INFO] default - Database Connected successfully
[2023-05-17T16:06:46.695] [INFO] default - MongoDB connected successfully
[2023-05-17T16:06:46.703] [INFO] default - Database Connected successfully
[2023-05-17T16:06:46.908] [INFO] default - MongoDB connected successfully
[2023-05-17T16:06:46.915] [INFO] default - Database Connected successfully
[2023-05-17T16:07:32.046] [INFO] default - MongoDB connected successfully
[2023-05-17T16:07:32.058] [INFO] default - Database Connected successfully
[2023-05-17T16:07:32.430] [INFO] default - MongoDB connected successfully
[2023-05-17T16:07:32.434] [INFO] default - Database Connected successfully
[2023-05-17T16:07:32.626] [INFO] default - MongoDB connected successfully
[2023-05-17T16:07:32.631] [INFO] default - Database Connected successfully
[2023-05-17T16:11:03.153] [INFO] default - MongoDB connected successfully
[2023-05-17T16:11:03.166] [INFO] default - Database Connected successfully
[2023-05-17T16:11:03.186] [INFO] default - MongoDB connected successfully
[2023-05-17T16:11:03.188] [INFO] default - Database Connected successfully
[2023-05-17T16:12:40.585] [INFO] default - MongoDB connected successfully
[2023-05-17T16:12:40.611] [INFO] default - Database Connected successfully
[2023-05-17T16:12:41.042] [INFO] default - MongoDB connected successfully
[2023-05-17T16:12:41.046] [INFO] default - Database Connected successfully
[2023-05-17T16:13:47.691] [INFO] default - MongoDB connected successfully
[2023-05-17T16:13:47.709] [INFO] default - Database Connected successfully
[2023-05-17T16:13:48.090] [INFO] default - MongoDB connected successfully
[2023-05-17T16:13:48.099] [INFO] default - Database Connected successfully
[2023-05-17T16:18:25.104] [INFO] default - MongoDB connected successfully
[2023-05-17T16:18:25.116] [INFO] default - Database Connected successfully
[2023-05-17T16:18:25.478] [INFO] default - MongoDB connected successfully
[2023-05-17T16:18:25.481] [INFO] default - Database Connected successfully
[2023-05-17T20:38:54.269] [INFO] default - MongoDB connected successfully
[2023-05-17T20:38:54.288] [INFO] default - Database Connected successfully
[2023-05-17T20:38:54.932] [INFO] default - MongoDB connected successfully
[2023-05-17T20:38:54.936] [INFO] default - Database Connected successfully
