[2023-05-15T18:23:37.802] [ERROR] default - User "test" already exists
[2023-05-15T18:31:54.422] [ERROR] default - User "test" already exists
[2023-05-15T21:15:55.209] [ERROR] default - Error: ReferenceError: id is not defined when modifying product 
[2023-05-15T21:17:33.879] [ERROR] default - Error: ReferenceError: id is not defined when modifying product 
[2023-05-15T21:18:15.021] [ERROR] default - Error: ReferenceError: id is not defined when modifying product 
[2023-05-15T21:20:24.790] [ERROR] default - Error: ReferenceError: id is not defined when modifying product 
[2023-05-17T10:07:58.068] [ERROR] default - Error CastError: Cast to number failed for value "undefined" (type undefined) at path "products.$" when trying to add product to cart
[2023-05-21T21:30:50.070] [ERROR] default - Error MongooseError: The `uri` parameter to `openUri()` must be a string, got "undefined". Make sure the first parameter to `mongoose.connect()` or `mongoose.createConnection()` is a string. mongoDB not connected 
[2023-05-21T21:31:24.061] [ERROR] default - Error MongooseError: The `uri` parameter to `openUri()` must be a string, got "undefined". Make sure the first parameter to `mongoose.connect()` or `mongoose.createConnection()` is a string. mongoDB not connected 
[2023-05-21T22:06:41.248] [ERROR] default - Error MongooseError: The `uri` parameter to `openUri()` must be a string, got "undefined". Make sure the first parameter to `mongoose.connect()` or `mongoose.createConnection()` is a string. mongoDB not connected 
[2023-05-22T17:50:28.774] [ERROR] default - ocurrio un error:  Error: listen EACCES: permission denied ./src/server.js
    at Server.setupListenHandle [as _listen2] (node:net:1355:21)
    at listenInCluster (node:net:1420:12)
    at Server.listen (node:net:1519:5)
    at file:///C:/Users/Santi/Dropbox/Mi%20PC%20(DESKTOP-FUL7H7I)/Documents/Personal/Coder-house/backend/desafios/entregaFinal-backend/src/server.js:46:16
    at ModuleJob.run (node:internal/modules/esm/module_job:198:25)
    at async Promise.all (index 0)
    at async ESMLoader.import (node:internal/modules/esm/loader:385:24)
    at async loadESM (node:internal/process/esm_loader:88:5)
    at async handleMainPromise (node:internal/modules/run_main:61:12) {
  code: 'EACCES',
  errno: -4092,
  syscall: 'listen',
  address: './src/server.js',
  port: -1
}
[2023-05-22T18:00:55.128] [ERROR] default - ocurrio un error:  Error: listen EACCES: permission denied ./src/server.js
    at Server.setupListenHandle [as _listen2] (node:net:1355:21)
    at listenInCluster (node:net:1420:12)
    at Server.listen (node:net:1519:5)
    at file:///C:/Users/Santi/Dropbox/Mi%20PC%20(DESKTOP-FUL7H7I)/Documents/Personal/Coder-house/backend/desafios/entregaFinal-backend/src/server.js:48:16
    at ModuleJob.run (node:internal/modules/esm/module_job:198:25)
    at async Promise.all (index 0)
    at async ESMLoader.import (node:internal/modules/esm/loader:385:24)
    at async loadESM (node:internal/process/esm_loader:88:5)
    at async handleMainPromise (node:internal/modules/run_main:61:12) {
  code: 'EACCES',
  errno: -4092,
  syscall: 'listen',
  address: './src/server.js',
  port: -1
}
[2023-05-22T18:56:51.551] [ERROR] default - Missing data
[2023-05-22T18:56:51.553] [ERROR] default - Error undefined trying to create user
[2023-05-22T19:08:39.416] [ERROR] default - Missing data
[2023-05-22T19:08:39.419] [ERROR] default - Error undefined trying to create user
[2023-05-22T19:11:31.523] [ERROR] default - Error ReferenceError: email is not defined trying to create user
[2023-05-22T19:12:56.360] [ERROR] default - Error TypeError: done is not a function
[2023-05-22T19:17:42.345] [ERROR] default - Missing data
[2023-05-22T19:17:42.349] [ERROR] default - Error undefined
[2023-05-22T19:19:56.260] [ERROR] default - Missing data
[2023-05-22T19:19:56.261] [ERROR] default - Error undefined
[2023-05-22T19:21:43.450] [ERROR] default - Missing data
[2023-05-22T19:21:43.452] [ERROR] default - Error undefined
[2023-05-22T19:34:48.342] [ERROR] default - Missing data
[2023-05-22T19:34:48.362] [ERROR] default - Error undefined
[2023-05-22T19:35:06.308] [ERROR] default - Missing data
[2023-05-22T19:35:06.308] [ERROR] default - Error undefined
[2023-05-22T19:35:18.853] [ERROR] default - Missing data
[2023-05-22T19:35:18.854] [ERROR] default - Error undefined
[2023-05-22T19:50:02.630] [ERROR] default - Missing data
[2023-05-22T19:50:02.632] [ERROR] default - Error undefined
[2023-05-22T20:38:08.020] [ERROR] default - Error Error: Missing data
[2023-05-22T20:40:27.369] [ERROR] default - Error Error: Missing data
[2023-05-22T20:43:59.166] [ERROR] default - Error Error: Missing data
[2023-05-22T20:47:47.459] [ERROR] default - Error Error: Missing data
[2023-05-22T20:50:14.012] [ERROR] default - Error TypeError: done is not a function
[2023-05-22T20:53:18.560] [ERROR] default - Error ReferenceError: req is not defined
[2023-05-22T20:56:41.622] [ERROR] default - Error ReferenceError: req is not defined
[2023-05-22T21:00:18.887] [ERROR] default - Error ReferenceError: req is not defined
[2023-05-22T21:51:28.678] [ERROR] default - Error ReferenceError: req is not defined
[2023-05-29T15:58:27.570] [ERROR] default - TypeError: chatDao.getAllChatsByUserDto is not a function --Error al buscar chat por params.username
[2023-05-29T16:11:46.799] [ERROR] default - TypeError: chatDao.getAllChatsByUserDto is not a function --Error al buscar chat por params.username
[2023-05-29T16:12:43.570] [ERROR] default - TypeError: chatDao.getAllChatsByUserDto is not a function --Error al buscar chat por params.username
[2023-05-29T16:30:21.673] [ERROR] default - TypeError: chatDao.getAllChatsByUserDto is not a function --Error al buscar chat por params.username
[2023-05-29T19:27:27.340] [WARN] default - Session {
  cookie: {
    path: '/',
    _expires: 2023-05-29T22:28:19.644Z,
    originalMaxAge: 60000,
    httpOnly: true,
    secure: false
  }
} no llega la informacion de session
[2023-05-29T19:27:27.557] [WARN] default - carrito {
  username: 'juancarlos1',
  products: [],
  address: 'casa',
  _id: new ObjectId("647526cfee136d71c8d53c5c"),
  timestamp: 2023-05-29T22:27:27.360Z,
  __v: 0
} creado exitosamete
[2023-05-29T19:29:34.096] [WARN] default - Session {
  cookie: {
    path: '/',
    _expires: 2023-05-29T22:30:34.095Z,
    originalMaxAge: 60000,
    httpOnly: true,
    secure: false
  }
} no llega la informacion de session
[2023-05-29T19:29:34.321] [WARN] default - carrito {
  username: 'juancarlos1',
  products: [],
  address: 'casa',
  _id: new ObjectId("6475274eee136d71c8d53c62"),
  timestamp: 2023-05-29T22:29:34.105Z,
  __v: 0
} creado exitosamete
[2023-05-29T21:09:27.735] [WARN] default - Session {
  cookie: {
    path: '/',
    _expires: 2023-05-30T00:10:22.658Z,
    originalMaxAge: 60000,
    httpOnly: true,
    secure: false
  }
} no llega la informacion de session
[2023-05-29T21:09:28.043] [WARN] default - carrito {
  username: 'juancarlos1',
  products: [],
  address: 'casa',
  _id: new ObjectId("64753eb763714db5e83647d4"),
  timestamp: 2023-05-30T00:09:27.793Z,
  __v: 0
} creado exitosamete
[2023-05-29T21:09:40.540] [WARN] default - Session {
  cookie: {
    path: '/',
    _expires: 2023-05-30T00:10:31.790Z,
    originalMaxAge: 60000,
    httpOnly: true,
    secure: false
  },
  passport: {}
} no llega la informacion de session
[2023-05-29T21:09:40.741] [WARN] default - carrito {
  username: 'juancarlos1',
  products: [],
  address: 'casa',
  _id: new ObjectId("64753ec463714db5e83647da"),
  timestamp: 2023-05-30T00:09:40.551Z,
  __v: 0
} creado exitosamete
[2023-05-29T21:25:59.374] [WARN] default - Session {
  cookie: {
    path: '/',
    _expires: 2023-05-30T00:26:53.056Z,
    originalMaxAge: 60000,
    httpOnly: true,
    secure: false
  },
  passport: {}
} no llega la informacion de session
[2023-05-29T21:25:59.569] [WARN] default - carrito {
  username: 'juancarlos1',
  products: [],
  address: 'casa',
  _id: new ObjectId("6475429763714db5e83647e7"),
  timestamp: 2023-05-30T00:25:59.386Z,
  __v: 0
} creado exitosamete
[2023-05-29T21:26:10.842] [WARN] default - email sent {
  "accepted": [
    "juancarlos@mail.com"
  ],
  "rejected": [],
  "ehlo": [
    "PIPELINING",
    "8BITMIME",
    "SMTPUTF8",
    "AUTH LOGIN PLAIN"
  ],
  "envelopeTime": 754,
  "messageTime": 555,
  "messageSize": 516,
  "response": "250 Accepted [STATUS=new MSGID=ZGfoOlZPgCu2LDEXZHVCo9FHPwfrH7XCAAAACXotw1qkimKLwHbRa1-sn6g]",
  "envelope": {
    "from": "megane98@ethereal.email",
    "to": [
      "juancarlos@mail.com"
    ]
  },
  "messageId": "<0d32928b-4559-1de2-b839-ff0aff1c9c0b@ethereal.email>"
}
